<?xml version="1.0" encoding="UTF-8"?>
<!-- Generated by org.testng.reporters.JUnitReportReporter -->
<testsuite hostname="Shree" failures="0" tests="1" name="testCases.TC003_LoginDDT" time="2.790" errors="0" timestamp="2025-03-04T23:14:15 EST" skipped="0">
  <testcase classname="testCases.TC003_LoginDDT" name="verify_loginDDT" time="2.790"/>
</testsuite> <!-- testCases.TC003_LoginDDT -->
